<?xml version="1.0" encoding="UTF-8"?>
<testng-results skipped="0" failed="0" ignored="0" total="0" passed="0">
  <reporter-output>
  </reporter-output>
  <suite name="com.demo.weibo.AppTest" duration-ms="6" started-at="2017-10-18T07:47:12Z" finished-at="2017-10-18T07:47:12Z">
    <groups>
    </groups>
    <test name="Command line test" duration-ms="6" started-at="2017-10-18T07:47:12Z" finished-at="2017-10-18T07:47:12Z">
    </test> <!-- Command line test -->
  </suite> <!-- com.demo.weibo.AppTest -->
</testng-results>
