<?xml version="1.0" encoding="UTF-8"?>
<testng-results skipped="0" failed="0" total="1" passed="1">
  <reporter-output>
  </reporter-output>
  <suite name="Suite" duration-ms="17336" started-at="2018-02-08T00:33:25Z" finished-at="2018-02-08T00:33:42Z">
    <groups>
    </groups>
    <test name="Login" duration-ms="17336" started-at="2018-02-08T00:33:25Z" finished-at="2018-02-08T00:33:42Z">
      <class name="com.weibo.testcases.login.LoginPage_001_LoginSuccessFunction_Test">
        <test-method status="PASS" signature="startTest(org.testng.ITestContext)[pri:0, instance:com.weibo.testcases.login.LoginPage_001_LoginSuccessFunction_Test@50c87b21]" name="startTest" is-config="true" duration-ms="6658" started-at="2018-02-08T08:33:25Z" finished-at="2018-02-08T08:33:31Z">
          <params>
            <param index="0">
              <value>
                <![CDATA[org.testng.TestRunner@1b66c0fb]]>
              </value>
            </param>
          </params>
          <reporter-output>
          </reporter-output>
        </test-method> <!-- startTest -->
        <test-method status="PASS" signature="loginSuccessFunction()[pri:0, instance:com.weibo.testcases.login.LoginPage_001_LoginSuccessFunction_Test@50c87b21]" name="loginSuccessFunction" duration-ms="9874" started-at="2018-02-08T08:33:31Z" finished-at="2018-02-08T08:33:41Z">
          <reporter-output>
          </reporter-output>
        </test-method> <!-- loginSuccessFunction -->
        <test-method status="PASS" signature="endTest()[pri:0, instance:com.weibo.testcases.login.LoginPage_001_LoginSuccessFunction_Test@50c87b21]" name="endTest" is-config="true" duration-ms="786" started-at="2018-02-08T08:33:41Z" finished-at="2018-02-08T08:33:42Z">
          <reporter-output>
          </reporter-output>
        </test-method> <!-- endTest -->
      </class> <!-- com.weibo.testcases.login.LoginPage_001_LoginSuccessFunction_Test -->
    </test> <!-- Login -->
  </suite> <!-- Suite -->
</testng-results>
